app/build/intermediates/manifest_merge_blame_file/release/processReleaseMainManifest/manifest-merger-blame-release-report.txt
1<?xml version="1.0" encoding="utf-8"?>
2<manifest xmlns:android="http://schemas.android.com/apk/res/android"
3    package="com.kazio.app"
4    android:versionCode="1"
5    android:versionName="1.0.0" >
6
7    <uses-sdk
8        android:minSdkVersion="26"
9        android:targetSdkVersion="36" />
10
11    <uses-permission android:name="com.android.vending.BILLING" />
11-->[com.android.billingclient:billing-ktx:6.1.0] AndroidManifest.xml:9:5-67
11-->[com.android.billingclient:billing-ktx:6.1.0] AndroidManifest.xml:9:22-64
12
13    <queries>
13-->[com.android.billingclient:billing:6.1.0] AndroidManifest.xml:12:5-16:15
14        <intent>
14-->[com.android.billingclient:billing:6.1.0] AndroidManifest.xml:13:9-15:18
15            <action android:name="com.android.vending.billing.InAppBillingService.BIND" />
15-->[com.android.billingclient:billing:6.1.0] AndroidManifest.xml:14:13-91
15-->[com.android.billingclient:billing:6.1.0] AndroidManifest.xml:14:21-88
16        </intent>
17    </queries>
18
19    <uses-permission android:name="android.permission.WAKE_LOCK" />
19-->[androidx.work:work-runtime:2.7.1] AndroidManifest.xml:25:5-68
19-->[androidx.work:work-runtime:2.7.1] AndroidManifest.xml:25:22-65
20    <uses-permission android:name="android.permission.ACCESS_NETWORK_STATE" />
20-->[androidx.work:work-runtime:2.7.1] AndroidManifest.xml:26:5-79
20-->[androidx.work:work-runtime:2.7.1] AndroidManifest.xml:26:22-76
21    <uses-permission android:name="android.permission.RECEIVE_BOOT_COMPLETED" />
21-->[androidx.work:work-runtime:2.7.1] AndroidManifest.xml:27:5-81
21-->[androidx.work:work-runtime:2.7.1] AndroidManifest.xml:27:22-78
22    <uses-permission android:name="android.permission.FOREGROUND_SERVICE" />
22-->[androidx.work:work-runtime:2.7.1] AndroidManifest.xml:28:5-77
22-->[androidx.work:work-runtime:2.7.1] AndroidManifest.xml:28:22-74
23
24    <permission
24-->[androidx.core:core:1.12.0] AndroidManifest.xml:22:5-24:47
25        android:name="com.kazio.app.DYNAMIC_RECEIVER_NOT_EXPORTED_PERMISSION"
25-->[androidx.core:core:1.12.0] AndroidManifest.xml:23:9-81
26        android:protectionLevel="signature" />
26-->[androidx.core:core:1.12.0] AndroidManifest.xml:24:9-44
27
28    <uses-permission android:name="com.kazio.app.DYNAMIC_RECEIVER_NOT_EXPORTED_PERMISSION" />
28-->[androidx.core:core:1.12.0] AndroidManifest.xml:26:5-97
28-->[androidx.core:core:1.12.0] AndroidManifest.xml:26:22-94
29    <uses-permission android:name="android.permission.INTERNET" />
29-->[com.google.android.datatransport:transport-backend-cct:3.1.8] AndroidManifest.xml:25:5-67
29-->[com.google.android.datatransport:transport-backend-cct:3.1.8] AndroidManifest.xml:25:22-64
30
31    <application
31-->src\main\AndroidManifest.xml:4:5-51:19
32        android:name="com.kazio.app.KazioApplication"
32-->src\main\AndroidManifest.xml:5:9-41
33        android:allowBackup="true"
33-->src\main\AndroidManifest.xml:6:9-35
34        android:appComponentFactory="androidx.core.app.CoreComponentFactory"
34-->[androidx.core:core:1.12.0] AndroidManifest.xml:28:18-86
35        android:extractNativeLibs="false"
36        android:icon="@mipmap/ic_launcher"
36-->src\main\AndroidManifest.xml:7:9-43
37        android:label="Kazio"
37-->src\main\AndroidManifest.xml:9:9-30
38        android:roundIcon="@mipmap/ic_launcher_round"
38-->src\main\AndroidManifest.xml:8:9-54
39        android:supportsRtl="true" >
39-->src\main\AndroidManifest.xml:10:9-35
40        <activity
40-->src\main\AndroidManifest.xml:11:9-18:20
41            android:name="com.kazio.app.MainActivity"
41-->src\main\AndroidManifest.xml:12:13-41
42            android:exported="true" >
42-->src\main\AndroidManifest.xml:13:13-36
43            <intent-filter>
43-->src\main\AndroidManifest.xml:14:13-17:29
44                <action android:name="android.intent.action.MAIN" />
44-->src\main\AndroidManifest.xml:15:17-69
44-->src\main\AndroidManifest.xml:15:25-66
45
46                <category android:name="android.intent.category.LAUNCHER" />
46-->src\main\AndroidManifest.xml:16:17-77
46-->src\main\AndroidManifest.xml:16:27-74
47            </intent-filter>
48        </activity>
49
50        <receiver
50-->src\main\AndroidManifest.xml:20:9-29:20
51            android:name="com.kazio.app.widget.KazioSmallWidgetReceiver"
51-->src\main\AndroidManifest.xml:21:13-60
52            android:exported="true" >
52-->src\main\AndroidManifest.xml:22:13-36
53            <intent-filter>
53-->src\main\AndroidManifest.xml:23:13-25:29
54                <action android:name="android.appwidget.action.APPWIDGET_UPDATE" />
54-->src\main\AndroidManifest.xml:24:17-84
54-->src\main\AndroidManifest.xml:24:25-81
55            </intent-filter>
56
57            <meta-data
57-->src\main\AndroidManifest.xml:26:13-28:67
58                android:name="android.appwidget.provider"
58-->src\main\AndroidManifest.xml:27:17-58
59                android:resource="@xml/kazio_small_widget_info" />
59-->src\main\AndroidManifest.xml:28:17-64
60        </receiver>
61        <receiver
61-->src\main\AndroidManifest.xml:31:9-40:20
62            android:name="com.kazio.app.widget.KazioLargeWidgetReceiver"
62-->src\main\AndroidManifest.xml:32:13-60
63            android:exported="true" >
63-->src\main\AndroidManifest.xml:33:13-36
64            <intent-filter>
64-->src\main\AndroidManifest.xml:23:13-25:29
65                <action android:name="android.appwidget.action.APPWIDGET_UPDATE" />
65-->src\main\AndroidManifest.xml:24:17-84
65-->src\main\AndroidManifest.xml:24:25-81
66            </intent-filter>
67
68            <meta-data
68-->src\main\AndroidManifest.xml:26:13-28:67
69                android:name="android.appwidget.provider"
69-->src\main\AndroidManifest.xml:27:17-58
70                android:resource="@xml/kazio_large_widget_info" />
70-->src\main\AndroidManifest.xml:28:17-64
71        </receiver>
72
73        <provider
74            android:name="androidx.core.content.FileProvider"
74-->src\main\AndroidManifest.xml:43:13-62
75            android:authorities="com.kazio.app.provider"
75-->src\main\AndroidManifest.xml:44:13-60
76            android:exported="false"
76-->src\main\AndroidManifest.xml:45:13-37
77            android:grantUriPermissions="true" >
77-->src\main\AndroidManifest.xml:46:13-47
78            <meta-data
78-->src\main\AndroidManifest.xml:47:13-49:58
79                android:name="android.support.FILE_PROVIDER_PATHS"
79-->src\main\AndroidManifest.xml:48:17-67
80                android:resource="@xml/provider_paths" />
80-->src\main\AndroidManifest.xml:49:17-55
81        </provider>
82
83        <activity
83-->[androidx.glance:glance-appwidget:1.0.0] AndroidManifest.xml:23:9-27:40
84            android:name="androidx.glance.appwidget.action.ActionTrampolineActivity"
84-->[androidx.glance:glance-appwidget:1.0.0] AndroidManifest.xml:24:13-85
85            android:enabled="true"
85-->[androidx.glance:glance-appwidget:1.0.0] AndroidManifest.xml:25:13-35
86            android:excludeFromRecents="true"
86-->[androidx.glance:glance-appwidget:1.0.0] AndroidManifest.xml:26:13-46
87            android:exported="false" />
87-->[androidx.glance:glance-appwidget:1.0.0] AndroidManifest.xml:27:13-37
88        <activity
88-->[androidx.glance:glance-appwidget:1.0.0] AndroidManifest.xml:28:9-35:81
89            android:name="androidx.glance.appwidget.action.InvisibleActionTrampolineActivity"
89-->[androidx.glance:glance-appwidget:1.0.0] AndroidManifest.xml:29:13-94
90            android:enabled="true"
90-->[androidx.glance:glance-appwidget:1.0.0] AndroidManifest.xml:30:13-35
91            android:exported="false"
91-->[androidx.glance:glance-appwidget:1.0.0] AndroidManifest.xml:31:13-37
92            android:launchMode="singleInstance"
92-->[androidx.glance:glance-appwidget:1.0.0] AndroidManifest.xml:32:13-48
93            android:noHistory="true"
93-->[androidx.glance:glance-appwidget:1.0.0] AndroidManifest.xml:33:13-37
94            android:taskAffinity="androidx.glance.appwidget.ListAdapterCallbackTrampoline"
94-->[androidx.glance:glance-appwidget:1.0.0] AndroidManifest.xml:34:13-91
95            android:theme="@style/Widget.Glance.AppWidget.CallbackTrampoline" />
95-->[androidx.glance:glance-appwidget:1.0.0] AndroidManifest.xml:35:13-78
96
97        <receiver
97-->[androidx.glance:glance-appwidget:1.0.0] AndroidManifest.xml:37:9-40:40
98            android:name="androidx.glance.appwidget.action.ActionCallbackBroadcastReceiver"
98-->[androidx.glance:glance-appwidget:1.0.0] AndroidManifest.xml:38:13-92
99            android:enabled="true"
99-->[androidx.glance:glance-appwidget:1.0.0] AndroidManifest.xml:39:13-35
100            android:exported="false" />
100-->[androidx.glance:glance-appwidget:1.0.0] AndroidManifest.xml:40:13-37
101        <receiver
101-->[androidx.glance:glance-appwidget:1.0.0] AndroidManifest.xml:41:9-48:20
102            android:name="androidx.glance.appwidget.MyPackageReplacedReceiver"
102-->[androidx.glance:glance-appwidget:1.0.0] AndroidManifest.xml:42:13-79
103            android:enabled="true"
103-->[androidx.glance:glance-appwidget:1.0.0] AndroidManifest.xml:43:13-35
104            android:exported="false" >
104-->[androidx.glance:glance-appwidget:1.0.0] AndroidManifest.xml:44:13-37
105            <intent-filter>
105-->[androidx.glance:glance-appwidget:1.0.0] AndroidManifest.xml:45:13-47:29
106                <action android:name="android.intent.action.MY_PACKAGE_REPLACED" />
106-->[androidx.glance:glance-appwidget:1.0.0] AndroidManifest.xml:46:17-84
106-->[androidx.glance:glance-appwidget:1.0.0] AndroidManifest.xml:46:25-81
107            </intent-filter>
108        </receiver>
109
110        <service
110-->[androidx.glance:glance-appwidget:1.0.0] AndroidManifest.xml:50:9-53:72
111            android:name="androidx.glance.appwidget.GlanceRemoteViewsService"
111-->[androidx.glance:glance-appwidget:1.0.0] AndroidManifest.xml:51:13-78
112            android:exported="true"
112-->[androidx.glance:glance-appwidget:1.0.0] AndroidManifest.xml:52:13-36
113            android:permission="android.permission.BIND_REMOTEVIEWS" />
113-->[androidx.glance:glance-appwidget:1.0.0] AndroidManifest.xml:53:13-69
114        <service
114-->[androidx.core:core-remoteviews:1.0.0] AndroidManifest.xml:24:9-27:63
115            android:name="androidx.core.widget.RemoteViewsCompatService"
115-->[androidx.core:core-remoteviews:1.0.0] AndroidManifest.xml:25:13-73
116            android:permission="android.permission.BIND_REMOTEVIEWS" />
116-->[androidx.core:core-remoteviews:1.0.0] AndroidManifest.xml:26:13-69
117
118        <meta-data
118-->[com.android.billingclient:billing:6.1.0] AndroidManifest.xml:19:9-21:37
119            android:name="com.google.android.play.billingclient.version"
119-->[com.android.billingclient:billing:6.1.0] AndroidManifest.xml:20:13-73
120            android:value="6.1.0" />
120-->[com.android.billingclient:billing:6.1.0] AndroidManifest.xml:21:13-34
121
122        <activity
122-->[com.android.billingclient:billing:6.1.0] AndroidManifest.xml:23:9-27:75
123            android:name="com.android.billingclient.api.ProxyBillingActivity"
123-->[com.android.billingclient:billing:6.1.0] AndroidManifest.xml:24:13-78
124            android:configChanges="keyboard|keyboardHidden|screenLayout|screenSize|orientation"
124-->[com.android.billingclient:billing:6.1.0] AndroidManifest.xml:25:13-96
125            android:exported="false"
125-->[com.android.billingclient:billing:6.1.0] AndroidManifest.xml:26:13-37
126            android:theme="@android:style/Theme.Translucent.NoTitleBar" />
126-->[com.android.billingclient:billing:6.1.0] AndroidManifest.xml:27:13-72
127        <activity
127-->[com.google.android.gms:play-services-base:18.0.1] AndroidManifest.xml:20:9-22:45
128            android:name="com.google.android.gms.common.api.GoogleApiActivity"
128-->[com.google.android.gms:play-services-base:18.0.1] AndroidManifest.xml:20:19-85
129            android:exported="false"
129-->[com.google.android.gms:play-services-base:18.0.1] AndroidManifest.xml:22:19-43
130            android:theme="@android:style/Theme.Translucent.NoTitleBar" />
130-->[com.google.android.gms:play-services-base:18.0.1] AndroidManifest.xml:21:19-78
131
132        <meta-data
132-->[com.google.android.gms:play-services-basement:18.0.1] AndroidManifest.xml:21:9-23:69
133            android:name="com.google.android.gms.version"
133-->[com.google.android.gms:play-services-basement:18.0.1] AndroidManifest.xml:22:13-58
134            android:value="@integer/google_play_services_version" />
134-->[com.google.android.gms:play-services-basement:18.0.1] AndroidManifest.xml:23:13-66
135
136        <provider
136-->[androidx.work:work-runtime:2.7.1] AndroidManifest.xml:31:9-39:20
137            android:name="androidx.startup.InitializationProvider"
137-->[androidx.work:work-runtime:2.7.1] AndroidManifest.xml:32:13-67
138            android:authorities="com.kazio.app.androidx-startup"
138-->[androidx.work:work-runtime:2.7.1] AndroidManifest.xml:33:13-68
139            android:exported="false" >
139-->[androidx.work:work-runtime:2.7.1] AndroidManifest.xml:34:13-37
140            <meta-data
140-->[androidx.work:work-runtime:2.7.1] AndroidManifest.xml:36:13-38:52
141                android:name="androidx.work.WorkManagerInitializer"
141-->[androidx.work:work-runtime:2.7.1] AndroidManifest.xml:37:17-68
142                android:value="androidx.startup" />
142-->[androidx.work:work-runtime:2.7.1] AndroidManifest.xml:38:17-49
143            <meta-data
143-->[androidx.emoji2:emoji2:1.3.0] AndroidManifest.xml:29:13-31:52
144                android:name="androidx.emoji2.text.EmojiCompatInitializer"
144-->[androidx.emoji2:emoji2:1.3.0] AndroidManifest.xml:30:17-75
145                android:value="androidx.startup" />
145-->[androidx.emoji2:emoji2:1.3.0] AndroidManifest.xml:31:17-49
146            <meta-data
146-->[androidx.lifecycle:lifecycle-process:2.7.0] AndroidManifest.xml:29:13-31:52
147                android:name="androidx.lifecycle.ProcessLifecycleInitializer"
147-->[androidx.lifecycle:lifecycle-process:2.7.0] AndroidManifest.xml:30:17-78
148                android:value="androidx.startup" />
148-->[androidx.lifecycle:lifecycle-process:2.7.0] AndroidManifest.xml:31:17-49
149            <meta-data
149-->[androidx.profileinstaller:profileinstaller:1.3.0] AndroidManifest.xml:29:13-31:52
150                android:name="androidx.profileinstaller.ProfileInstallerInitializer"
150-->[androidx.profileinstaller:profileinstaller:1.3.0] AndroidManifest.xml:30:17-85
151                android:value="androidx.startup" />
151-->[androidx.profileinstaller:profileinstaller:1.3.0] AndroidManifest.xml:31:17-49
152        </provider>
153
154        <service
154-->[androidx.work:work-runtime:2.7.1] AndroidManifest.xml:41:9-46:35
155            android:name="androidx.work.impl.background.systemalarm.SystemAlarmService"
155-->[androidx.work:work-runtime:2.7.1] AndroidManifest.xml:42:13-88
156            android:directBootAware="false"
156-->[androidx.work:work-runtime:2.7.1] AndroidManifest.xml:43:13-44
157            android:enabled="@bool/enable_system_alarm_service_default"
157-->[androidx.work:work-runtime:2.7.1] AndroidManifest.xml:44:13-72
158            android:exported="false" />
158-->[androidx.work:work-runtime:2.7.1] AndroidManifest.xml:45:13-37
159        <service
159-->[androidx.work:work-runtime:2.7.1] AndroidManifest.xml:47:9-53:35
160            android:name="androidx.work.impl.background.systemjob.SystemJobService"
160-->[androidx.work:work-runtime:2.7.1] AndroidManifest.xml:48:13-84
161            android:directBootAware="false"
161-->[androidx.work:work-runtime:2.7.1] AndroidManifest.xml:49:13-44
162            android:enabled="@bool/enable_system_job_service_default"
162-->[androidx.work:work-runtime:2.7.1] AndroidManifest.xml:50:13-70
163            android:exported="true"
163-->[androidx.work:work-runtime:2.7.1] AndroidManifest.xml:51:13-36
164            android:permission="android.permission.BIND_JOB_SERVICE" />
164-->[androidx.work:work-runtime:2.7.1] AndroidManifest.xml:52:13-69
165        <service
165-->[androidx.work:work-runtime:2.7.1] AndroidManifest.xml:54:9-59:35
166            android:name="androidx.work.impl.foreground.SystemForegroundService"
166-->[androidx.work:work-runtime:2.7.1] AndroidManifest.xml:55:13-81
167            android:directBootAware="false"
167-->[androidx.work:work-runtime:2.7.1] AndroidManifest.xml:56:13-44
168            android:enabled="@bool/enable_system_foreground_service_default"
168-->[androidx.work:work-runtime:2.7.1] AndroidManifest.xml:57:13-77
169            android:exported="false" />
169-->[androidx.work:work-runtime:2.7.1] AndroidManifest.xml:58:13-37
170
171        <receiver
171-->[androidx.work:work-runtime:2.7.1] AndroidManifest.xml:61:9-66:35
172            android:name="androidx.work.impl.utils.ForceStopRunnable$BroadcastReceiver"
172-->[androidx.work:work-runtime:2.7.1] AndroidManifest.xml:62:13-88
173            android:directBootAware="false"
173-->[androidx.work:work-runtime:2.7.1] AndroidManifest.xml:63:13-44
174            android:enabled="true"
174-->[androidx.work:work-runtime:2.7.1] AndroidManifest.xml:64:13-35
175            android:exported="false" />
175-->[androidx.work:work-runtime:2.7.1] AndroidManifest.xml:65:13-37
176        <receiver
176-->[androidx.work:work-runtime:2.7.1] AndroidManifest.xml:67:9-77:20
177            android:name="androidx.work.impl.background.systemalarm.ConstraintProxy$BatteryChargingProxy"
177-->[androidx.work:work-runtime:2.7.1] AndroidManifest.xml:68:13-106
178            android:directBootAware="false"
178-->[androidx.work:work-runtime:2.7.1] AndroidManifest.xml:69:13-44
179            android:enabled="false"
179-->[androidx.work:work-runtime:2.7.1] AndroidManifest.xml:70:13-36
180            android:exported="false" >
180-->[androidx.work:work-runtime:2.7.1] AndroidManifest.xml:71:13-37
181            <intent-filter>
181-->[androidx.work:work-runtime:2.7.1] AndroidManifest.xml:73:13-76:29
182                <action android:name="android.intent.action.ACTION_POWER_CONNECTED" />
182-->[androidx.work:work-runtime:2.7.1] AndroidManifest.xml:74:17-87
182-->[androidx.work:work-runtime:2.7.1] AndroidManifest.xml:74:25-84
183                <action android:name="android.intent.action.ACTION_POWER_DISCONNECTED" />
183-->[androidx.work:work-runtime:2.7.1] AndroidManifest.xml:75:17-90
183-->[androidx.work:work-runtime:2.7.1] AndroidManifest.xml:75:25-87
184            </intent-filter>
185        </receiver>
186        <receiver
186-->[androidx.work:work-runtime:2.7.1] AndroidManifest.xml:78:9-88:20
187            android:name="androidx.work.impl.background.systemalarm.ConstraintProxy$BatteryNotLowProxy"
187-->[androidx.work:work-runtime:2.7.1] AndroidManifest.xml:79:13-104
188            android:directBootAware="false"
188-->[androidx.work:work-runtime:2.7.1] AndroidManifest.xml:80:13-44
189            android:enabled="false"
189-->[androidx.work:work-runtime:2.7.1] AndroidManifest.xml:81:13-36
190            android:exported="false" >
190-->[androidx.work:work-runtime:2.7.1] AndroidManifest.xml:82:13-37
191            <intent-filter>
191-->[androidx.work:work-runtime:2.7.1] AndroidManifest.xml:84:13-87:29
192                <action android:name="android.intent.action.BATTERY_OKAY" />
192-->[androidx.work:work-runtime:2.7.1] AndroidManifest.xml:85:17-77
192-->[androidx.work:work-runtime:2.7.1] AndroidManifest.xml:85:25-74
193                <action android:name="android.intent.action.BATTERY_LOW" />
193-->[androidx.work:work-runtime:2.7.1] AndroidManifest.xml:86:17-76
193-->[androidx.work:work-runtime:2.7.1] AndroidManifest.xml:86:25-73
194            </intent-filter>
195        </receiver>
196        <receiver
196-->[androidx.work:work-runtime:2.7.1] AndroidManifest.xml:89:9-99:20
197            android:name="androidx.work.impl.background.systemalarm.ConstraintProxy$StorageNotLowProxy"
197-->[androidx.work:work-runtime:2.7.1] AndroidManifest.xml:90:13-104
198            android:directBootAware="false"
198-->[androidx.work:work-runtime:2.7.1] AndroidManifest.xml:91:13-44
199            android:enabled="false"
199-->[androidx.work:work-runtime:2.7.1] AndroidManifest.xml:92:13-36
200            android:exported="false" >
200-->[androidx.work:work-runtime:2.7.1] AndroidManifest.xml:93:13-37
201            <intent-filter>
201-->[androidx.work:work-runtime:2.7.1] AndroidManifest.xml:95:13-98:29
202                <action android:name="android.intent.action.DEVICE_STORAGE_LOW" />
202-->[androidx.work:work-runtime:2.7.1] AndroidManifest.xml:96:17-83
202-->[androidx.work:work-runtime:2.7.1] AndroidManifest.xml:96:25-80
203                <action android:name="android.intent.action.DEVICE_STORAGE_OK" />
203-->[androidx.work:work-runtime:2.7.1] AndroidManifest.xml:97:17-82
203-->[androidx.work:work-runtime:2.7.1] AndroidManifest.xml:97:25-79
204            </intent-filter>
205        </receiver>
206        <receiver
206-->[androidx.work:work-runtime:2.7.1] AndroidManifest.xml:100:9-109:20
207            android:name="androidx.work.impl.background.systemalarm.ConstraintProxy$NetworkStateProxy"
207-->[androidx.work:work-runtime:2.7.1] AndroidManifest.xml:101:13-103
208            android:directBootAware="false"
208-->[androidx.work:work-runtime:2.7.1] AndroidManifest.xml:102:13-44
209            android:enabled="false"
209-->[androidx.work:work-runtime:2.7.1] AndroidManifest.xml:103:13-36
210            android:exported="false" >
210-->[androidx.work:work-runtime:2.7.1] AndroidManifest.xml:104:13-37
211            <intent-filter>
211-->[androidx.work:work-runtime:2.7.1] AndroidManifest.xml:106:13-108:29
212                <action android:name="android.net.conn.CONNECTIVITY_CHANGE" />
212-->[androidx.work:work-runtime:2.7.1] AndroidManifest.xml:107:17-79
212-->[androidx.work:work-runtime:2.7.1] AndroidManifest.xml:107:25-76
213            </intent-filter>
214        </receiver>
215        <receiver
215-->[androidx.work:work-runtime:2.7.1] AndroidManifest.xml:110:9-121:20
216            android:name="androidx.work.impl.background.systemalarm.RescheduleReceiver"
216-->[androidx.work:work-runtime:2.7.1] AndroidManifest.xml:111:13-88
217            android:directBootAware="false"
217-->[androidx.work:work-runtime:2.7.1] AndroidManifest.xml:112:13-44
218            android:enabled="false"
218-->[androidx.work:work-runtime:2.7.1] AndroidManifest.xml:113:13-36
219            android:exported="false" >
219-->[androidx.work:work-runtime:2.7.1] AndroidManifest.xml:114:13-37
220            <intent-filter>
220-->[androidx.work:work-runtime:2.7.1] AndroidManifest.xml:116:13-120:29
221                <action android:name="android.intent.action.BOOT_COMPLETED" />
221-->[androidx.work:work-runtime:2.7.1] AndroidManifest.xml:117:17-79
221-->[androidx.work:work-runtime:2.7.1] AndroidManifest.xml:117:25-76
222                <action android:name="android.intent.action.TIME_SET" />
222-->[androidx.work:work-runtime:2.7.1] AndroidManifest.xml:118:17-73
222-->[androidx.work:work-runtime:2.7.1] AndroidManifest.xml:118:25-70
223                <action android:name="android.intent.action.TIMEZONE_CHANGED" />
223-->[androidx.work:work-runtime:2.7.1] AndroidManifest.xml:119:17-81
223-->[androidx.work:work-runtime:2.7.1] AndroidManifest.xml:119:25-78
224            </intent-filter>
225        </receiver>
226        <receiver
226-->[androidx.work:work-runtime:2.7.1] AndroidManifest.xml:122:9-131:20
227            android:name="androidx.work.impl.background.systemalarm.ConstraintProxyUpdateReceiver"
227-->[androidx.work:work-runtime:2.7.1] AndroidManifest.xml:123:13-99
228            android:directBootAware="false"
228-->[androidx.work:work-runtime:2.7.1] AndroidManifest.xml:124:13-44
229            android:enabled="@bool/enable_system_alarm_service_default"
229-->[androidx.work:work-runtime:2.7.1] AndroidManifest.xml:125:13-72
230            android:exported="false" >
230-->[androidx.work:work-runtime:2.7.1] AndroidManifest.xml:126:13-37
231            <intent-filter>
231-->[androidx.work:work-runtime:2.7.1] AndroidManifest.xml:128:13-130:29
232                <action android:name="androidx.work.impl.background.systemalarm.UpdateProxies" />
232-->[androidx.work:work-runtime:2.7.1] AndroidManifest.xml:129:17-98
232-->[androidx.work:work-runtime:2.7.1] AndroidManifest.xml:129:25-95
233            </intent-filter>
234        </receiver>
235        <receiver
235-->[androidx.work:work-runtime:2.7.1] AndroidManifest.xml:132:9-142:20
236            android:name="androidx.work.impl.diagnostics.DiagnosticsReceiver"
236-->[androidx.work:work-runtime:2.7.1] AndroidManifest.xml:133:13-78
237            android:directBootAware="false"
237-->[androidx.work:work-runtime:2.7.1] AndroidManifest.xml:134:13-44
238            android:enabled="true"
238-->[androidx.work:work-runtime:2.7.1] AndroidManifest.xml:135:13-35
239            android:exported="true"
239-->[androidx.work:work-runtime:2.7.1] AndroidManifest.xml:136:13-36
240            android:permission="android.permission.DUMP" >
240-->[androidx.work:work-runtime:2.7.1] AndroidManifest.xml:137:13-57
241            <intent-filter>
241-->[androidx.work:work-runtime:2.7.1] AndroidManifest.xml:139:13-141:29
242                <action android:name="androidx.work.diagnostics.REQUEST_DIAGNOSTICS" />
242-->[androidx.work:work-runtime:2.7.1] AndroidManifest.xml:140:17-88
242-->[androidx.work:work-runtime:2.7.1] AndroidManifest.xml:140:25-85
243            </intent-filter>
244        </receiver>
245
246        <service
246-->[androidx.room:room-runtime:2.6.1] AndroidManifest.xml:24:9-28:63
247            android:name="androidx.room.MultiInstanceInvalidationService"
247-->[androidx.room:room-runtime:2.6.1] AndroidManifest.xml:25:13-74
248            android:directBootAware="true"
248-->[androidx.room:room-runtime:2.6.1] AndroidManifest.xml:26:13-43
249            android:exported="false" />
249-->[androidx.room:room-runtime:2.6.1] AndroidManifest.xml:27:13-37
250
251        <receiver
251-->[androidx.profileinstaller:profileinstaller:1.3.0] AndroidManifest.xml:34:9-52:20
252            android:name="androidx.profileinstaller.ProfileInstallReceiver"
252-->[androidx.profileinstaller:profileinstaller:1.3.0] AndroidManifest.xml:35:13-76
253            android:directBootAware="false"
253-->[androidx.profileinstaller:profileinstaller:1.3.0] AndroidManifest.xml:36:13-44
254            android:enabled="true"
254-->[androidx.profileinstaller:profileinstaller:1.3.0] AndroidManifest.xml:37:13-35
255            android:exported="true"
255-->[androidx.profileinstaller:profileinstaller:1.3.0] AndroidManifest.xml:38:13-36
256            android:permission="android.permission.DUMP" >
256-->[androidx.profileinstaller:profileinstaller:1.3.0] AndroidManifest.xml:39:13-57
257            <intent-filter>
257-->[androidx.profileinstaller:profileinstaller:1.3.0] AndroidManifest.xml:40:13-42:29
258                <action android:name="androidx.profileinstaller.action.INSTALL_PROFILE" />
258-->[androidx.profileinstaller:profileinstaller:1.3.0] AndroidManifest.xml:41:17-91
258-->[androidx.profileinstaller:profileinstaller:1.3.0] AndroidManifest.xml:41:25-88
259            </intent-filter>
260            <intent-filter>
260-->[androidx.profileinstaller:profileinstaller:1.3.0] AndroidManifest.xml:43:13-45:29
261                <action android:name="androidx.profileinstaller.action.SKIP_FILE" />
261-->[androidx.profileinstaller:profileinstaller:1.3.0] AndroidManifest.xml:44:17-85
261-->[androidx.profileinstaller:profileinstaller:1.3.0] AndroidManifest.xml:44:25-82
262            </intent-filter>
263            <intent-filter>
263-->[androidx.profileinstaller:profileinstaller:1.3.0] AndroidManifest.xml:46:13-48:29
264                <action android:name="androidx.profileinstaller.action.SAVE_PROFILE" />
264-->[androidx.profileinstaller:profileinstaller:1.3.0] AndroidManifest.xml:47:17-88
264-->[androidx.profileinstaller:profileinstaller:1.3.0] AndroidManifest.xml:47:25-85
265            </intent-filter>
266            <intent-filter>
266-->[androidx.profileinstaller:profileinstaller:1.3.0] AndroidManifest.xml:49:13-51:29
267                <action android:name="androidx.profileinstaller.action.BENCHMARK_OPERATION" />
267-->[androidx.profileinstaller:profileinstaller:1.3.0] AndroidManifest.xml:50:17-95
267-->[androidx.profileinstaller:profileinstaller:1.3.0] AndroidManifest.xml:50:25-92
268            </intent-filter>
269        </receiver>
270
271        <service
271-->[com.google.android.datatransport:transport-backend-cct:3.1.8] AndroidManifest.xml:28:9-34:19
272            android:name="com.google.android.datatransport.runtime.backends.TransportBackendDiscovery"
272-->[com.google.android.datatransport:transport-backend-cct:3.1.8] AndroidManifest.xml:29:13-103
273            android:exported="false" >
273-->[com.google.android.datatransport:transport-backend-cct:3.1.8] AndroidManifest.xml:30:13-37
274            <meta-data
274-->[com.google.android.datatransport:transport-backend-cct:3.1.8] AndroidManifest.xml:31:13-33:39
275                android:name="backend:com.google.android.datatransport.cct.CctBackendFactory"
275-->[com.google.android.datatransport:transport-backend-cct:3.1.8] AndroidManifest.xml:32:17-94
276                android:value="cct" />
276-->[com.google.android.datatransport:transport-backend-cct:3.1.8] AndroidManifest.xml:33:17-36
277        </service>
278        <service
278-->[com.google.android.datatransport:transport-runtime:3.1.8] AndroidManifest.xml:26:9-30:19
279            android:name="com.google.android.datatransport.runtime.scheduling.jobscheduling.JobInfoSchedulerService"
279-->[com.google.android.datatransport:transport-runtime:3.1.8] AndroidManifest.xml:27:13-117
280            android:exported="false"
280-->[com.google.android.datatransport:transport-runtime:3.1.8] AndroidManifest.xml:28:13-37